<?xml version="1.0" encoding="UTF-8"?>
<testng-results ignored="0" total="3" passed="3" failed="0" skipped="0">
  <reporter-output>
  </reporter-output>
  <suite started-at="2021-09-15T16:12:45 EDT" name="Suite" finished-at="2021-09-15T16:13:41 EDT" duration-ms="55875">
    <groups>
    </groups>
    <test started-at="2021-09-15T16:12:45 EDT" name="NewAccount" finished-at="2021-09-15T16:13:22 EDT" duration-ms="37126">
      <class name="testCases.RegisterNewAccount">
        <test-method is-config="true" signature="initilizeDriver()[pri:0, instance:testCases.RegisterNewAccount@272ed83b]" started-at="2021-09-15T16:12:46 EDT" name="initilizeDriver" finished-at="2021-09-15T16:12:50 EDT" duration-ms="3845" status="PASS">
          <reporter-output>
          </reporter-output>
        </test-method> <!-- initilizeDriver -->
        <test-method signature="CreateAccount(java.util.Map)[pri:0, instance:testCases.RegisterNewAccount@272ed83b]" started-at="2021-09-15T16:12:50 EDT" name="CreateAccount" data-provider="Data" finished-at="2021-09-15T16:13:03 EDT" duration-ms="13832" status="PASS">
          <params>
            <param index="0">
              <value>
                <![CDATA[{AddressLine1=Street1, PhoneNo=1233452298, FirstName=Ram, State=Georgia, ZipCode=31901, LastName=Sharma, City=Columbus, Flag=Yes, EmailAddress=test40@mail.com, Password=hello123}]]>
              </value>
            </param>
          </params>
          <reporter-output>
          </reporter-output>
        </test-method> <!-- CreateAccount -->
        <test-method is-config="true" signature="quitDriver(org.testng.ITestResult)[pri:0, instance:testCases.RegisterNewAccount@272ed83b]" started-at="2021-09-15T16:13:04 EDT" name="quitDriver" finished-at="2021-09-15T16:13:04 EDT" duration-ms="386" status="PASS">
          <params>
            <param index="0">
              <value>
                <![CDATA[[TestResult name=CreateAccount status=SUCCESS method=RegisterNewAccount.CreateAccount(java.util.Map)[pri:0, instance:testCases.RegisterNewAccount@272ed83b] output={null}]]]>
              </value>
            </param>
          </params>
          <reporter-output>
          </reporter-output>
        </test-method> <!-- quitDriver -->
        <test-method is-config="true" signature="initilizeDriver()[pri:0, instance:testCases.RegisterNewAccount@272ed83b]" started-at="2021-09-15T16:13:04 EDT" name="initilizeDriver" finished-at="2021-09-15T16:13:07 EDT" duration-ms="3143" status="PASS">
          <reporter-output>
          </reporter-output>
        </test-method> <!-- initilizeDriver -->
        <test-method signature="CreateAccount(java.util.Map)[pri:0, instance:testCases.RegisterNewAccount@272ed83b]" started-at="2021-09-15T16:13:07 EDT" name="CreateAccount" data-provider="Data" finished-at="2021-09-15T16:13:22 EDT" duration-ms="14762" status="PASS">
          <params>
            <param index="0">
              <value>
                <![CDATA[{AddressLine1=Street1, PhoneNo=1233452298, FirstName=Mohan, State=Georgia, ZipCode=31901, LastName=Sharma, City=Columbus, Flag=Yes, EmailAddress=test31@mail.com, Password=hello123}]]>
              </value>
            </param>
          </params>
          <reporter-output>
          </reporter-output>
        </test-method> <!-- CreateAccount -->
        <test-method is-config="true" signature="quitDriver(org.testng.ITestResult)[pri:0, instance:testCases.RegisterNewAccount@272ed83b]" started-at="2021-09-15T16:13:22 EDT" name="quitDriver" finished-at="2021-09-15T16:13:22 EDT" duration-ms="421" status="PASS">
          <params>
            <param index="0">
              <value>
                <![CDATA[[TestResult name=CreateAccount status=SUCCESS method=RegisterNewAccount.CreateAccount(java.util.Map)[pri:0, instance:testCases.RegisterNewAccount@272ed83b] output={null}]]]>
              </value>
            </param>
          </params>
          <reporter-output>
          </reporter-output>
        </test-method> <!-- quitDriver -->
      </class> <!-- testCases.RegisterNewAccount -->
    </test> <!-- NewAccount -->
    <test started-at="2021-09-15T16:13:22 EDT" name="ContactUs" finished-at="2021-09-15T16:13:41 EDT" duration-ms="18692">
      <class name="testCases.Contact_US_Scenario">
        <test-method is-config="true" signature="setupSuite()[pri:0, instance:testCases.Contact_US_Scenario@2df9b86]" started-at="2021-09-15T16:12:45 EDT" name="setupSuite" finished-at="2021-09-15T16:12:45 EDT" duration-ms="154" status="PASS">
          <reporter-output>
          </reporter-output>
        </test-method> <!-- setupSuite -->
        <test-method is-config="true" signature="initilizeDriver()[pri:0, instance:testCases.Contact_US_Scenario@2df9b86]" started-at="2021-09-15T16:13:22 EDT" name="initilizeDriver" finished-at="2021-09-15T16:13:30 EDT" duration-ms="7311" status="PASS">
          <reporter-output>
          </reporter-output>
        </test-method> <!-- initilizeDriver -->
        <test-method signature="ContactUs(java.util.Map)[pri:0, instance:testCases.Contact_US_Scenario@2df9b86]" started-at="2021-09-15T16:13:30 EDT" name="ContactUs" data-provider="Data" finished-at="2021-09-15T16:13:41 EDT" duration-ms="10850" status="PASS">
          <params>
            <param index="0">
              <value>
                <![CDATA[{SubjectHeading=Customer service, Flag=Yes, EmailAddress=test@email.com}]]>
              </value>
            </param>
          </params>
          <reporter-output>
          </reporter-output>
        </test-method> <!-- ContactUs -->
        <test-method is-config="true" signature="quitDriver(org.testng.ITestResult)[pri:0, instance:testCases.Contact_US_Scenario@2df9b86]" started-at="2021-09-15T16:13:41 EDT" name="quitDriver" finished-at="2021-09-15T16:13:41 EDT" duration-ms="456" status="PASS">
          <params>
            <param index="0">
              <value>
                <![CDATA[[TestResult name=ContactUs status=SUCCESS method=Contact_US_Scenario.ContactUs(java.util.Map)[pri:0, instance:testCases.Contact_US_Scenario@2df9b86] output={null}]]]>
              </value>
            </param>
          </params>
          <reporter-output>
          </reporter-output>
        </test-method> <!-- quitDriver -->
        <test-method is-config="true" signature="publishReport()[pri:0, instance:testCases.Contact_US_Scenario@2df9b86]" started-at="2021-09-15T16:13:41 EDT" name="publishReport" finished-at="2021-09-15T16:13:41 EDT" duration-ms="468" status="PASS">
          <reporter-output>
          </reporter-output>
        </test-method> <!-- publishReport -->
      </class> <!-- testCases.Contact_US_Scenario -->
    </test> <!-- ContactUs -->
  </suite> <!-- Suite -->
</testng-results>
